# JRE version: Java(TM) SE Runtime Environment (8.0_231-b11) (build 1.8.0_231-b11)
# Java VM: Java HotSpot(TM) 64-Bit Server VM (25.231-b11 mixed mode windows-amd64 compressed oops)
Heap:
 PSYoungGen      total 225792K, used 65538K [0x000000076b500000, 0x0000000779f80000, 0x00000007c0000000)
  eden space 215040K, 30% used [0x000000076b500000,0x000000076f500b48,0x0000000778700000)
  from space 10752K, 0% used [0x0000000778a80000,0x0000000778a80000,0x0000000779500000)
  to   space 9216K, 0% used [0x0000000779680000,0x0000000779680000,0x0000000779f80000)
 ParOldGen       total 126976K, used 11441K [0x00000006c1e00000, 0x00000006c9a00000, 0x000000076b500000)
  object space 126976K, 9% used [0x00000006c1e00000,0x00000006c292c650,0x00000006c9a00000)
 Metaspace       used 36671K, capacity 38742K, committed 39040K, reserved 1083392K
  class space    used 4853K, capacity 5245K, committed 5248K, reserved 1048576K
GC Heap History (10 events):
Event: 1.871 GC heap before
{Heap before GC invocations=5 (full 1):
 PSYoungGen      total 141824K, used 6374K [0x000000076b500000, 0x0000000774a00000, 0x00000007c0000000)
  eden space 131072K, 0% used [0x000000076b500000,0x000000076b500000,0x0000000773500000)
  from space 10752K, 59% used [0x0000000773f80000,0x00000007745b9b20,0x0000000774a00000)
  to   space 10752K, 0% used [0x0000000773500000,0x0000000773500000,0x0000000773f80000)
 ParOldGen       total 175104K, used 40K [0x00000006c1e00000, 0x00000006cc900000, 0x000000076b500000)
  object space 175104K, 0% used [0x00000006c1e00000,0x00000006c1e0a000,0x00000006cc900000)
 Metaspace       used 19922K, capacity 21246K, committed 21296K, reserved 1067008K
  class space    used 2686K, capacity 2937K, committed 2944K, reserved 1048576K
Event: 1.909 GC heap after
Heap after GC invocations=5 (full 1):
 PSYoungGen      total 141824K, used 0K [0x000000076b500000, 0x0000000774a00000, 0x00000007c0000000)
  eden space 131072K, 0% used [0x000000076b500000,0x000000076b500000,0x0000000773500000)
  from space 10752K, 0% used [0x0000000773f80000,0x0000000773f80000,0x0000000774a00000)
  to   space 10752K, 0% used [0x0000000773500000,0x0000000773500000,0x0000000773f80000)
 ParOldGen       total 90112K, used 6225K [0x00000006c1e00000, 0x00000006c7600000, 0x000000076b500000)
  object space 90112K, 6% used [0x00000006c1e00000,0x00000006c2414768,0x00000006c7600000)
 Metaspace       used 19922K, capacity 21246K, committed 21296K, reserved 1067008K
  class space    used 2686K, capacity 2937K, committed 2944K, reserved 1048576K
}
Event: 2.454 GC heap before
{Heap before GC invocations=6 (full 1):
 PSYoungGen      total 141824K, used 131072K [0x000000076b500000, 0x0000000774a00000, 0x00000007c0000000)
  eden space 131072K, 100% used [0x000000076b500000,0x0000000773500000,0x0000000773500000)
  from space 10752K, 0% used [0x0000000773f80000,0x0000000773f80000,0x0000000774a00000)
  to   space 10752K, 0% used [0x0000000773500000,0x0000000773500000,0x0000000773f80000)
 ParOldGen       total 90112K, used 6225K [0x00000006c1e00000, 0x00000006c7600000, 0x000000076b500000)
  object space 90112K, 6% used [0x00000006c1e00000,0x00000006c2414768,0x00000006c7600000)
 Metaspace       used 26652K, capacity 28138K, committed 28416K, reserved 1073152K
  class space    used 3501K, capacity 3809K, committed 3840K, reserved 1048576K
Event: 2.462 GC heap after
Heap after GC invocations=6 (full 1):
 PSYoungGen      total 141824K, used 8542K [0x000000076b500000, 0x0000000779f80000, 0x00000007c0000000)
  eden space 131072K, 0% used [0x000000076b500000,0x000000076b500000,0x0000000773500000)
  from space 10752K, 79% used [0x0000000773500000,0x0000000773d57ad0,0x0000000773f80000)
  to   space 9216K, 0% used [0x0000000779680000,0x0000000779680000,0x0000000779f80000)
 ParOldGen       total 90112K, used 6225K [0x00000006c1e00000, 0x00000006c7600000, 0x000000076b500000)
  object space 90112K, 6% used [0x00000006c1e00000,0x00000006c2414768,0x00000006c7600000)
 Metaspace       used 26652K, capacity 28138K, committed 28416K, reserved 1073152K
  class space    used 3501K, capacity 3809K, committed 3840K, reserved 1048576K
}
Event: 3.517 GC heap before
{Heap before GC invocations=7 (full 1):
 PSYoungGen      total 141824K, used 139614K [0x000000076b500000, 0x0000000779f80000, 0x00000007c0000000)
  eden space 131072K, 100% used [0x000000076b500000,0x0000000773500000,0x0000000773500000)
  from space 10752K, 79% used [0x0000000773500000,0x0000000773d57ad0,0x0000000773f80000)
  to   space 9216K, 0% used [0x0000000779680000,0x0000000779680000,0x0000000779f80000)
 ParOldGen       total 90112K, used 6225K [0x00000006c1e00000, 0x00000006c7600000, 0x000000076b500000)
  object space 90112K, 6% used [0x00000006c1e00000,0x00000006c2414768,0x00000006c7600000)
 Metaspace       used 32156K, capacity 33976K, committed 34176K, reserved 1079296K
  class space    used 4314K, capacity 4660K, committed 4736K, reserved 1048576K
Event: 3.526 GC heap after
Heap after GC invocations=7 (full 1):
 PSYoungGen      total 224256K, used 9187K [0x000000076b500000, 0x0000000779f80000, 0x00000007c0000000)
  eden space 215040K, 0% used [0x000000076b500000,0x000000076b500000,0x0000000778700000)
  from space 9216K, 99% used [0x0000000779680000,0x0000000779f78fb0,0x0000000779f80000)
  to   space 10752K, 0% used [0x0000000778a80000,0x0000000778a80000,0x0000000779500000)
 ParOldGen       total 90112K, used 7349K [0x00000006c1e00000, 0x00000006c7600000, 0x000000076b500000)
  object space 90112K, 8% used [0x00000006c1e00000,0x00000006c252d480,0x00000006c7600000)
 Metaspace       used 32156K, capacity 33976K, committed 34176K, reserved 1079296K
  class space    used 4314K, capacity 4660K, committed 4736K, reserved 1048576K
}
Event: 3.704 GC heap before
{Heap before GC invocations=8 (full 1):
 PSYoungGen      total 224256K, used 30737K [0x000000076b500000, 0x0000000779f80000, 0x00000007c0000000)
  eden space 215040K, 10% used [0x000000076b500000,0x000000076ca0b838,0x0000000778700000)
  from space 9216K, 99% used [0x0000000779680000,0x0000000779f78fb0,0x0000000779f80000)
  to   space 10752K, 0% used [0x0000000778a80000,0x0000000778a80000,0x0000000779500000)
 ParOldGen       total 90112K, used 7349K [0x00000006c1e00000, 0x00000006c7600000, 0x000000076b500000)
  object space 90112K, 8% used [0x00000006c1e00000,0x00000006c252d480,0x00000006c7600000)
 Metaspace       used 33555K, capacity 35424K, committed 35496K, reserved 1079296K
  class space    used 4471K, capacity 4832K, committed 4864K, reserved 1048576K
Event: 3.709 GC heap after
Heap after GC invocations=8 (full 1):
 PSYoungGen      total 225792K, used 6080K [0x000000076b500000, 0x0000000779f80000, 0x00000007c0000000)
  eden space 215040K, 0% used [0x000000076b500000,0x000000076b500000,0x0000000778700000)
  from space 10752K, 56% used [0x0000000778a80000,0x0000000779070310,0x0000000779500000)
  to   space 9216K, 0% used [0x0000000779680000,0x0000000779680000,0x0000000779f80000)
 ParOldGen       total 90112K, used 7357K [0x00000006c1e00000, 0x00000006c7600000, 0x000000076b500000)
  object space 90112K, 8% used [0x00000006c1e00000,0x00000006c252f480,0x00000006c7600000)
 Metaspace       used 33555K, capacity 35424K, committed 35496K, reserved 1079296K
  class space    used 4471K, capacity 4832K, committed 4864K, reserved 1048576K
}
Event: 3.709 GC heap before
{Heap before GC invocations=9 (full 2):
 PSYoungGen      total 225792K, used 6080K [0x000000076b500000, 0x0000000779f80000, 0x00000007c0000000)
  eden space 215040K, 0% used [0x000000076b500000,0x000000076b500000,0x0000000778700000)
  from space 10752K, 56% used [0x0000000778a80000,0x0000000779070310,0x0000000779500000)
  to   space 9216K, 0% used [0x0000000779680000,0x0000000779680000,0x0000000779f80000)
 ParOldGen       total 90112K, used 7357K [0x00000006c1e00000, 0x00000006c7600000, 0x000000076b500000)
  object space 90112K, 8% used [0x00000006c1e00000,0x00000006c252f480,0x00000006c7600000)
 Metaspace       used 33555K, capacity 35424K, committed 35496K, reserved 1079296K
  class space    used 4471K, capacity 4832K, committed 4864K, reserved 1048576K
Event: 3.743 GC heap after
Heap after GC invocations=9 (full 2):
 PSYoungGen      total 225792K, used 0K [0x000000076b500000, 0x0000000779f80000, 0x00000007c0000000)
  eden space 215040K, 0% used [0x000000076b500000,0x000000076b500000,0x0000000778700000)
  from space 10752K, 0% used [0x0000000778a80000,0x0000000778a80000,0x0000000779500000)
  to   space 9216K, 0% used [0x0000000779680000,0x0000000779680000,0x0000000779f80000)
 ParOldGen       total 126976K, used 11441K [0x00000006c1e00000, 0x00000006c9a00000, 0x000000076b500000)
  object space 126976K, 9% used [0x00000006c1e00000,0x00000006c292c650,0x00000006c9a00000)
 Metaspace       used 33555K, capacity 35424K, committed 35496K, reserved 1079296K
  class space    used 4471K, capacity 4832K, committed 4864K, reserved 1048576K
}

